2024-07-20 12:38:58,161 - pyswarms.discrete.binary - INFO - Optimize for 10 iters with {'c1': 1.5, 'c2': 1.5, 'w': 0.5, 'k': 2, 'p': 1}
2024-07-20 12:39:49,003 - pyswarms.discrete.binary - INFO - Optimization finished | best cost: -10.0, best pos: [1 1 1 1 1 1 0 0 1 1 1 1 0 1 0 0 0 1 1 0 0 0 0 1 0 1 1 0 1 0 1 0 0 1 0 0 0
 1 0 0 0 1 0 1 0 1 0 0 0 0 0 1 0 0 1 1 0 0 1 0 1 0 0 1 0 0 0 0 1 0 0 0 0 0
 0 0 1 0 1 0 1 0 1 1 1 1 0 1 0 1 1 0 1 0 0 0 1 1 0 1 0 1 0 0 0 0 1 0 1 0 0
 1 1 1 1 0 0 1 0 1 1 1 1 1 0 0 1 1 0 0 1 0 1 0 1 1 0 1 1 1 0 0 0 1 0 0 0 0
 0 1 1 1 0 0 0 0 1 1 0 1 1 0 0 0 1 0 1 0 1 1 1 0 1 1 0 1 0 0 1 0 0 0 0 1 0
 1 1 1 0 1 0 1 0 0 0 0 0 1 0 0 0 1 0 1 1 1 1 1 0 1 1 0 1 0 0 1 0 1 0 1 0 0
 0 0 0 0 0 0 0 1 0 1 1 1 0 1 0 0 1 1 1 1 0 1 1 1 1 0 1 0 1 0 1 1 1 1 0 1 0
 0 1 1 1 1 1 0 0 0 1 0 0 1 0 0 0 0 1 1 1 1 1 0 0 1 0 0 0 0 0 0 1 1 0 1 1 1
 0 0 1 0 1 1 0 0 0 0 0 0 1 0 1 0 0 0 0 1 0 0 0 0 0 0 0 0 1 0 1 1 1 0 0 1 1
 0 1 1 0 1 1 1 0 0 1 1 1 1 0 1 1 1 0 1 0 1 1 0 0 0 0 1 1 0 0 0 0 0 0 1 0 0
 1 1 0 0 0 1 0 1 0 0 0 1 0 0 0 1 0 0 1 0 1 1 0 1 1 1 0 1 1 0 0 1 1 1 1 0 1
 1 1 0 0 1 0 1 0 0 0 0 1 1 0 0 0 0 0 0 0 0 0 0 0 1 1 0 0 0 0 1 0 0 0 1 0 1
 1 1 0 0 1 1 1 0 0 0 0 0 1 1 0 0 0 0 1 0 1 0 1 1 0 0 1 1 1 1 0 0 1 0 0 0 0
 0 1 1 1 1 0 1 0 1 1 1 0 1 1 0 1 1 1 0 0 1 1 1 1 1 0 0 1 0 1 1 1 1 0 0 1 0
 1 0 1 1 0 0 1 0 1 0 0 1 1 1 0 0 0 1 1 0 0 0 0 0 0 1 1 1 1 0 1 1 0 1 0 1 0
 1 0 0 0 0 0 1 0 0 1 0 1 1 1 1 1 1 1 1 0 1 1 0 1 0 0 0 1 1 1 1 0 1 1 1 1 0
 1 0 0 1 1 0 0 1 0 1 0 0 1 0 0 1 1 1 1 1 1 0 1 0 0 1 1 1 0 0 1 0 1 0 1 1 1
 0 1 1 1 1 0 1 1 1 1 1 1 0 0 1 1 0 0 0 0 1 1 1 0 0 1 1 0 0 0 1 1 1 0 0 1 1
 0 0 0 0 0 0 0 0 0 0 1 0 1 1 1 0 1 1 1 1 1 0 1 1 1 0 1 0 0 0 0 1 0 0 0 1 1
 0 0 1 0 0 1 1 1 0 0 1 1 1 0 0 1 1 1 1 1 1 0 1 0 1 1 1 1 1 0 1 1 0 0 0 1 0
 0 0 0 1 0 1 1 0 1 1 0 1 1 1 0 1 1 0 1 0 1 1 0 1 1 0 0 1 0 0 1 0 0 0 1 1 0
 1 0 1 0 1 1 1]
